f:\_¤högskolan¤_\#avklarade\år 3\ud1447 - konstruktion av spelteknikverktyg\project\ud1447 projekt\x64\debug\vc142.pdb
f:\_¤högskolan¤_\#avklarade\år 3\ud1447 - konstruktion av spelteknikverktyg\project\ud1447 projekt\x64\debug\vc142.idb
f:\_¤högskolan¤_\#avklarade\år 3\ud1447 - konstruktion av spelteknikverktyg\project\ud1447 projekt\x64\debug\mayarun.obj
f:\_¤högskolan¤_\#avklarade\år 3\ud1447 - konstruktion av spelteknikverktyg\project\ud1447 projekt\x64\debug\mutex.obj
f:\_¤högskolan¤_\#avklarade\år 3\ud1447 - konstruktion av spelteknikverktyg\project\ud1447 projekt\x64\debug\memory.obj
f:\_¤högskolan¤_\#avklarade\år 3\ud1447 - konstruktion av spelteknikverktyg\project\ud1447 projekt\x64\debug\circularbuffers.obj
c:\users\pad\documents\github\3d_projekt_vw_ps_fg\ud1447 projekt\x64\debug\mayaapi.mll
c:\users\pad\documents\github\3d_projekt_vw_ps_fg\ud1447 projekt\x64\debug\mayaapi.ilk
c:\users\pad\documents\github\3d_projekt_vw_ps_fg\ud1447 projekt\x64\debug\mayaapi.pdb
f:\_¤högskolan¤_\#avklarade\år 3\ud1447 - konstruktion av spelteknikverktyg\project\ud1447 projekt\x64\debug\mayaapi.mll
f:\_¤högskolan¤_\#avklarade\år 3\ud1447 - konstruktion av spelteknikverktyg\project\ud1447 projekt\x64\debug\mayaapi.ilk
f:\_¤högskolan¤_\#avklarade\år 3\ud1447 - konstruktion av spelteknikverktyg\project\ud1447 projekt\x64\debug\mayaapi.pdb
c:\users\pad\documents\github\3d_projekt_vw_ps_fg\ud1447 projekt\x64\debug\mayaapi.lib
c:\users\pad\documents\github\3d_projekt_vw_ps_fg\ud1447 projekt\x64\debug\mayaapi.exp
f:\_¤högskolan¤_\#avklarade\år 3\ud1447 - konstruktion av spelteknikverktyg\project\ud1447 projekt\x64\debug\mayaapi.lib
f:\_¤högskolan¤_\#avklarade\år 3\ud1447 - konstruktion av spelteknikverktyg\project\ud1447 projekt\x64\debug\mayaapi.exp
f:\_¤högskolan¤_\#avklarade\år 3\ud1447 - konstruktion av spelteknikverktyg\project\ud1447 projekt\x64\debug\mayaapi.tlog\cl.command.1.tlog
f:\_¤högskolan¤_\#avklarade\år 3\ud1447 - konstruktion av spelteknikverktyg\project\ud1447 projekt\x64\debug\mayaapi.tlog\cl.read.1.tlog
f:\_¤högskolan¤_\#avklarade\år 3\ud1447 - konstruktion av spelteknikverktyg\project\ud1447 projekt\x64\debug\mayaapi.tlog\cl.write.1.tlog
f:\_¤högskolan¤_\#avklarade\år 3\ud1447 - konstruktion av spelteknikverktyg\project\ud1447 projekt\x64\debug\mayaapi.tlog\link.1076.delete.1.tlog
f:\_¤högskolan¤_\#avklarade\år 3\ud1447 - konstruktion av spelteknikverktyg\project\ud1447 projekt\x64\debug\mayaapi.tlog\link.command.1.tlog
f:\_¤högskolan¤_\#avklarade\år 3\ud1447 - konstruktion av spelteknikverktyg\project\ud1447 projekt\x64\debug\mayaapi.tlog\link.read.1.tlog
f:\_¤högskolan¤_\#avklarade\år 3\ud1447 - konstruktion av spelteknikverktyg\project\ud1447 projekt\x64\debug\mayaapi.tlog\link.write.1.tlog
f:\_¤högskolan¤_\#avklarade\år 3\ud1447 - konstruktion av spelteknikverktyg\project\ud1447 projekt\x64\debug\mayaapi.tlog\mayaapi.write.1u.tlog
